<?xml version="1.0" encoding="UTF-8"?>
<testsuite xmlns:xsi="http://www.w3.org/2001/XMLSchema-instance" xsi:noNamespaceSchemaLocation="https://maven.apache.org/surefire/maven-surefire-plugin/xsd/surefire-test-report-3.0.xsd" version="3.0" name="TestSuite" time="208.164" tests="4" errors="0" skipped="0" failures="2">
  <properties>
[...]
</properties>
  <testcase name="testBrandGroup" classname="com.mycompany.carina.demo.WebSampleTest" time="55.248">
    <system-out><![CDATA[2024-03-10 00:37:51 CarinaListener [main] [INFO] 
============= Basic configuration =============
env=DEMO
=========== Encryptor configuration ===========
crypto_key_value=*****
=========== WebDriver configuration ===========
url=https://www.gsmarena.com
selenium_url=http://192.168.1.7:4444/wd/hub
auto_screenshot=true
localization_encoding=UTF-8
language=en_US
-------------- Driver capabilities ------------
browserName=chrome
===============================================

2024-03-10 00:37:54 CarinaListener [main-1] [INFO] Set thread-count=1
2024-03-10 00:37:54 CarinaListener [main-1] [INFO] Set data-provider-thread-count=1
2024-03-10 00:37:56 CarinaListener [main-1] [INFO] CARINA_CORE_VERSION: 1.1.3
2024-03-10 00:37:56 Messager [TestNG-test-Hello World test-1] [INFO] TEST [Hello World test - testBrandGroup] STARTED at [00:37:56 2024-03-10]
--------- Executing :- testBrandGroup ---------
2024-03-10 00:37:56 DriverFactory [TestNG-test-Hello World test-1-45] [INFO] Starting driver session...
2024-03-10 00:37:59 DriverFactory [TestNG-test-Hello World test-1-45] [INFO] Driver session started.
2024-03-10 00:37:59 Messager [TestNG-test-Hello World test-1-45] [INFO] INFO: opening url 'https://www.gsmarena.com'
2024-03-10 00:38:35 DriverListener [TestNG-test-Hello World test-1-45] [INFO] PASS: element 'allBrandsButton' is clicked.
2024-03-10 00:38:41 DriverListener [TestNG-test-Hello World test-1-45] [INFO] PASS: element 'ExtendedWebElement - [52]' is clicked.
2024-03-10 00:38:50 Messager [TestNG-test-Hello World test-1-45] [INFO] TEST [Hello World test - testBrandGroup] PASSED at [00:38:50 2024-03-10]
]]></system-out>
  </testcase>
  <testcase name="testCompareModels" classname="com.mycompany.carina.demo.WebSampleTest" time="61.259">
    <failure message="The following asserts failed:&#10;	expected [2023, February 29] but found [2023, February 01]" type="java.lang.AssertionError"><![CDATA[java.lang.AssertionError: 
The following asserts failed:
	expected [2023, February 29] but found [2023, February 01]
	at org.testng.asserts.SoftAssert.assertAll(SoftAssert.java:46)
	at org.testng.asserts.SoftAssert.assertAll(SoftAssert.java:30)
	at com.mycompany.carina.demo.WebSampleTest.testCompareModels(WebSampleTest.java:82)
	at java.base/jdk.internal.reflect.DirectMethodHandleAccessor.invoke(DirectMethodHandleAccessor.java:103)
	at java.base/java.lang.reflect.Method.invoke(Method.java:580)
	at org.testng.internal.invokers.MethodInvocationHelper.invokeMethod(MethodInvocationHelper.java:139)
	at org.testng.internal.invokers.TestInvoker.invokeMethod(TestInvoker.java:664)
	at org.testng.internal.invokers.TestInvoker.invokeTestMethod(TestInvoker.java:228)
	at org.testng.internal.invokers.MethodRunner.runInSequence(MethodRunner.java:63)
	at org.testng.internal.invokers.TestInvoker$MethodInvocationAgent.invoke(TestInvoker.java:961)
	at org.testng.internal.invokers.TestInvoker.invokeTestMethods(TestInvoker.java:201)
	at org.testng.internal.invokers.TestMethodWorker.invokeTestMethods(TestMethodWorker.java:148)
	at org.testng.internal.invokers.TestMethodWorker.run(TestMethodWorker.java:128)
	at java.base/java.util.concurrent.Executors$RunnableAdapter.call(Executors.java:572)
	at java.base/java.util.concurrent.FutureTask.run(FutureTask.java:317)
	at org.testng.internal.thread.graph.TestNGFutureTask.run(TestNGFutureTask.java:22)
	at java.base/java.util.concurrent.ThreadPoolExecutor.runWorker(ThreadPoolExecutor.java:1144)
	at java.base/java.util.concurrent.ThreadPoolExecutor$Worker.run(ThreadPoolExecutor.java:642)
	at java.base/java.lang.Thread.run(Thread.java:1583)
]]></failure>
    <system-out><![CDATA[2024-03-10 00:38:52 Messager [TestNG-test-Hello World test-1-45] [INFO] TEST [Hello World test - testCompareModels] STARTED at [00:38:52 2024-03-10]
--------- Executing :- testCompareModels ---------
2024-03-10 00:38:52 DriverFactory [TestNG-test-Hello World test-1-45] [INFO] Starting driver session...
2024-03-10 00:38:54 DriverFactory [TestNG-test-Hello World test-1-45] [INFO] Driver session started.
2024-03-10 00:38:54 Messager [TestNG-test-Hello World test-1-45] [INFO] INFO: opening url 'https://www.gsmarena.com'
2024-03-10 00:39:23 DriverListener [TestNG-test-Hello World test-1-45] [INFO] PASS: element 'compareLink' is clicked.
2024-03-10 00:39:25 DriverListener [TestNG-test-Hello World test-1-45] [INFO] PASS: element 'inputField' is clicked.
2024-03-10 00:39:28 DriverListener [TestNG-test-Hello World test-1-45] [INFO] PASS: keys 'Samsung Galaxy J3' are sent to element 'inputField'.
2024-03-10 00:39:31 DriverListener [TestNG-test-Hello World test-1-45] [INFO] PASS: element 'autocompleteSearchElements0' is clicked.
2024-03-10 00:39:33 DriverListener [TestNG-test-Hello World test-1-45] [INFO] PASS: element 'inputField' is clicked.
2024-03-10 00:39:36 DriverListener [TestNG-test-Hello World test-1-45] [INFO] PASS: keys 'Samsung Galaxy S23 Ultra' are sent to element 'inputField'.
2024-03-10 00:39:40 DriverListener [TestNG-test-Hello World test-1-45] [INFO] PASS: element 'autocompleteSearchElements0' is clicked.
2024-03-10 00:39:42 DriverListener [TestNG-test-Hello World test-1-45] [INFO] PASS: element 'inputField' is clicked.
2024-03-10 00:39:45 DriverListener [TestNG-test-Hello World test-1-45] [INFO] PASS: keys 'Samsung Galaxy J7 Pro' are sent to element 'inputField'.
2024-03-10 00:39:48 DriverListener [TestNG-test-Hello World test-1-45] [INFO] PASS: element 'autocompleteSearchElements0' is clicked.
testCompareModels
2024-03-10 00:39:52 Messager [TestNG-test-Hello World test-1-45] [ERROR] TEST [Hello World test - testCompareModels] FAILED at [00:39:52 2024-03-10] - The following asserts failed:
	expected [2023, February 29] but found [2023, February 01]

org.testng.asserts.SoftAssert.assertAll(SoftAssert.java:46)
org.testng.asserts.SoftAssert.assertAll(SoftAssert.java:30)
com.mycompany.carina.demo.WebSampleTest.testCompareModels(WebSampleTest.java:82)
java.base/jdk.internal.reflect.DirectMethodHandleAccessor.invoke(DirectMethodHandleAccessor.java:103)
java.base/java.lang.reflect.Method.invoke(Method.java:580)
org.testng.internal.invokers.MethodInvocationHelper.invokeMethod(MethodInvocationHelper.java:139)
org.testng.internal.invokers.TestInvoker.invokeMethod(TestInvoker.java:664)
org.testng.internal.invokers.TestInvoker.invokeTestMethod(TestInvoker.java:228)
org.testng.internal.invokers.MethodRunner.runInSequence(MethodRunner.java:63)
org.testng.internal.invokers.TestInvoker$MethodInvocationAgent.invoke(TestInvoker.java:961)
org.testng.internal.invokers.TestInvoker.invokeTestMethods(TestInvoker.java:201)
org.testng.internal.invokers.TestMethodWorker.invokeTestMethods(TestMethodWorker.java:148)
org.testng.internal.invokers.TestMethodWorker.run(TestMethodWorker.java:128)
java.base/java.util.concurrent.Executors$RunnableAdapter.call(Executors.java:572)
java.base/java.util.concurrent.FutureTask.run(FutureTask.java:317)
org.testng.internal.thread.graph.TestNGFutureTask.run(TestNGFutureTask.java:22)
java.base/java.util.concurrent.ThreadPoolExecutor.runWorker(ThreadPoolExecutor.java:1144)
java.base/java.util.concurrent.ThreadPoolExecutor$Worker.run(ThreadPoolExecutor.java:642)
java.base/java.lang.Thread.run(Thread.java:1583)
]]></system-out>
    <system-err><![CDATA[java.lang.NoSuchFieldException: driver
	at java.base/java.lang.Class.getDeclaredField(Class.java:2782)
	at extentReport.ListenersExtent.onTestFailure(ListenersExtent.java:60)
	at org.testng.internal.TestListenerHelper.runTestListeners(TestListenerHelper.java:108)
	at org.testng.internal.invokers.TestInvoker.runTestResultListener(TestInvoker.java:263)
	at org.testng.internal.invokers.TestInvoker.invokeMethod(TestInvoker.java:751)
	at org.testng.internal.invokers.TestInvoker.invokeTestMethod(TestInvoker.java:228)
	at org.testng.internal.invokers.MethodRunner.runInSequence(MethodRunner.java:63)
	at org.testng.internal.invokers.TestInvoker$MethodInvocationAgent.invoke(TestInvoker.java:961)
	at org.testng.internal.invokers.TestInvoker.invokeTestMethods(TestInvoker.java:201)
	at org.testng.internal.invokers.TestMethodWorker.invokeTestMethods(TestMethodWorker.java:148)
	at org.testng.internal.invokers.TestMethodWorker.run(TestMethodWorker.java:128)
	at java.base/java.util.concurrent.Executors$RunnableAdapter.call(Executors.java:572)
	at java.base/java.util.concurrent.FutureTask.run(FutureTask.java:317)
	at org.testng.internal.thread.graph.TestNGFutureTask.run(TestNGFutureTask.java:22)
	at java.base/java.util.concurrent.ThreadPoolExecutor.runWorker(ThreadPoolExecutor.java:1144)
	at java.base/java.util.concurrent.ThreadPoolExecutor$Worker.run(ThreadPoolExecutor.java:642)
	at java.base/java.lang.Thread.run(Thread.java:1583)
]]></system-err>
  </testcase>
  <testcase name="testModelSpecs" classname="com.mycompany.carina.demo.WebSampleTest" time="36.83">
    <failure message="Unable to open model: Galaxy A04" type="java.lang.RuntimeException"><![CDATA[java.lang.RuntimeException: Unable to open model: Galaxy A04
	at com.mycompany.carina.demo.gui.pages.desktop.BrandModelsPage.selectModel(BrandModelsPage.java:30)
	at com.mycompany.carina.demo.WebSampleTest.testModelSpecs(WebSampleTest.java:47)
	at java.base/jdk.internal.reflect.DirectMethodHandleAccessor.invoke(DirectMethodHandleAccessor.java:103)
	at java.base/java.lang.reflect.Method.invoke(Method.java:580)
	at org.testng.internal.invokers.MethodInvocationHelper.invokeMethod(MethodInvocationHelper.java:139)
	at org.testng.internal.invokers.TestInvoker.invokeMethod(TestInvoker.java:664)
	at org.testng.internal.invokers.TestInvoker.invokeTestMethod(TestInvoker.java:228)
	at org.testng.internal.invokers.MethodRunner.runInSequence(MethodRunner.java:63)
	at org.testng.internal.invokers.TestInvoker$MethodInvocationAgent.invoke(TestInvoker.java:961)
	at org.testng.internal.invokers.TestInvoker.invokeTestMethods(TestInvoker.java:201)
	at org.testng.internal.invokers.TestMethodWorker.invokeTestMethods(TestMethodWorker.java:148)
	at org.testng.internal.invokers.TestMethodWorker.run(TestMethodWorker.java:128)
	at java.base/java.util.concurrent.Executors$RunnableAdapter.call(Executors.java:572)
	at java.base/java.util.concurrent.FutureTask.run(FutureTask.java:317)
	at org.testng.internal.thread.graph.TestNGFutureTask.run(TestNGFutureTask.java:22)
	at java.base/java.util.concurrent.ThreadPoolExecutor.runWorker(ThreadPoolExecutor.java:1144)
	at java.base/java.util.concurrent.ThreadPoolExecutor$Worker.run(ThreadPoolExecutor.java:642)
	at java.base/java.lang.Thread.run(Thread.java:1583)
]]></failure>
    <system-out><![CDATA[2024-03-10 00:39:54 Messager [TestNG-test-Hello World test-1-45] [INFO] TEST [Hello World test - testModelSpecs] STARTED at [00:39:54 2024-03-10]
--------- Executing :- testModelSpecs ---------
2024-03-10 00:39:54 DriverFactory [TestNG-test-Hello World test-1-45] [INFO] Starting driver session...
2024-03-10 00:39:56 DriverFactory [TestNG-test-Hello World test-1-45] [INFO] Driver session started.
2024-03-10 00:39:56 Messager [TestNG-test-Hello World test-1-45] [INFO] INFO: opening url 'https://www.gsmarena.com'
2024-03-10 00:40:20 HomePage [TestNG-test-Hello World test-1-45] [INFO] selecting 'Samsung' brand...
2024-03-10 00:40:20 HomePage [TestNG-test-Hello World test-1-45] [INFO] currentBrand: PHONE FINDER
2024-03-10 00:40:20 HomePage [TestNG-test-Hello World test-1-45] [INFO] currentBrand: SAMSUNG
2024-03-10 00:40:27 DriverListener [TestNG-test-Hello World test-1-45] [INFO] PASS: element 'brandLinks1' is clicked.
testModelSpecs
2024-03-10 00:40:30 Messager [TestNG-test-Hello World test-1-45] [ERROR] TEST [Hello World test - testModelSpecs] FAILED at [00:40:30 2024-03-10] - Unable to open model: Galaxy A04

com.mycompany.carina.demo.gui.pages.desktop.BrandModelsPage.selectModel(BrandModelsPage.java:30)
com.mycompany.carina.demo.WebSampleTest.testModelSpecs(WebSampleTest.java:47)
java.base/jdk.internal.reflect.DirectMethodHandleAccessor.invoke(DirectMethodHandleAccessor.java:103)
java.base/java.lang.reflect.Method.invoke(Method.java:580)
org.testng.internal.invokers.MethodInvocationHelper.invokeMethod(MethodInvocationHelper.java:139)
org.testng.internal.invokers.TestInvoker.invokeMethod(TestInvoker.java:664)
org.testng.internal.invokers.TestInvoker.invokeTestMethod(TestInvoker.java:228)
org.testng.internal.invokers.MethodRunner.runInSequence(MethodRunner.java:63)
org.testng.internal.invokers.TestInvoker$MethodInvocationAgent.invoke(TestInvoker.java:961)
org.testng.internal.invokers.TestInvoker.invokeTestMethods(TestInvoker.java:201)
org.testng.internal.invokers.TestMethodWorker.invokeTestMethods(TestMethodWorker.java:148)
org.testng.internal.invokers.TestMethodWorker.run(TestMethodWorker.java:128)
java.base/java.util.concurrent.Executors$RunnableAdapter.call(Executors.java:572)
java.base/java.util.concurrent.FutureTask.run(FutureTask.java:317)
org.testng.internal.thread.graph.TestNGFutureTask.run(TestNGFutureTask.java:22)
java.base/java.util.concurrent.ThreadPoolExecutor.runWorker(ThreadPoolExecutor.java:1144)
java.base/java.util.concurrent.ThreadPoolExecutor$Worker.run(ThreadPoolExecutor.java:642)
java.base/java.lang.Thread.run(Thread.java:1583)
]]></system-out>
    <system-err><![CDATA[java.lang.NoSuchFieldException: driver
	at java.base/java.lang.Class.getDeclaredField(Class.java:2782)
	at extentReport.ListenersExtent.onTestFailure(ListenersExtent.java:60)
	at org.testng.internal.TestListenerHelper.runTestListeners(TestListenerHelper.java:108)
	at org.testng.internal.invokers.TestInvoker.runTestResultListener(TestInvoker.java:263)
	at org.testng.internal.invokers.TestInvoker.invokeMethod(TestInvoker.java:751)
	at org.testng.internal.invokers.TestInvoker.invokeTestMethod(TestInvoker.java:228)
	at org.testng.internal.invokers.MethodRunner.runInSequence(MethodRunner.java:63)
	at org.testng.internal.invokers.TestInvoker$MethodInvocationAgent.invoke(TestInvoker.java:961)
	at org.testng.internal.invokers.TestInvoker.invokeTestMethods(TestInvoker.java:201)
	at org.testng.internal.invokers.TestMethodWorker.invokeTestMethods(TestMethodWorker.java:148)
	at org.testng.internal.invokers.TestMethodWorker.run(TestMethodWorker.java:128)
	at java.base/java.util.concurrent.Executors$RunnableAdapter.call(Executors.java:572)
	at java.base/java.util.concurrent.FutureTask.run(FutureTask.java:317)
	at org.testng.internal.thread.graph.TestNGFutureTask.run(TestNGFutureTask.java:22)
	at java.base/java.util.concurrent.ThreadPoolExecutor.runWorker(ThreadPoolExecutor.java:1144)
	at java.base/java.util.concurrent.ThreadPoolExecutor$Worker.run(ThreadPoolExecutor.java:642)
	at java.base/java.lang.Thread.run(Thread.java:1583)
]]></system-err>
  </testcase>
  <testcase name="testNewsSearch" classname="com.mycompany.carina.demo.WebSampleTest" time="42.509">
    <system-out><![CDATA[2024-03-10 00:40:32 Messager [TestNG-test-Hello World test-1-45] [INFO] TEST [Hello World test - testNewsSearch] STARTED at [00:40:32 2024-03-10]
--------- Executing :- testNewsSearch ---------
2024-03-10 00:40:32 DriverFactory [TestNG-test-Hello World test-1-45] [INFO] Starting driver session...
2024-03-10 00:40:33 DriverFactory [TestNG-test-Hello World test-1-45] [INFO] Driver session started.
2024-03-10 00:40:33 Messager [TestNG-test-Hello World test-1-45] [INFO] INFO: opening url 'https://www.gsmarena.com'
2024-03-10 00:41:00 DriverListener [TestNG-test-Hello World test-1-45] [INFO] PASS: element 'newsLink' is clicked.
2024-03-10 00:41:03 DriverListener [TestNG-test-Hello World test-1-45] [INFO] PASS: keys 'iphone' are sent to element 'searchTextField'.
2024-03-10 00:41:06 DriverListener [TestNG-test-Hello World test-1-45] [INFO] PASS: element 'searchButton' is clicked.
Apple patents a foldable display with no creases for iPhone and iPad
Kuo: No foldable iPhone or iPad in sight, 20.3-inch foldable screen MacBook to launch in 2027
Apple iPhone SE 4 renders reveal iPhone 14 frame and notched screen
Deals: vanilla and plus iPhones are £100 off at Amazon
iPhone 17 and 17 Plus to get 120Hz displays with Always-on
Check out these deals on the Poco X6 and M6 Pro, Galaxy S23 FE and iPhone 15
Report: Apple's folding device taking shape, isn't an iPhone
Apple confirms iPhone 15 series batteries have longer lifespan
iPhone 16 Pro and iPhone 16 Pro Max to come in these new colors
Death Stranding Director's Cut for iPhone review
iPhone 16's camera module leaks confirming new vertical arrangement
Next iPhone SE coming in 2025 with OLED screen borrowed from the iPhone 14
iPhone 16's hugely improved Neural Engine will work with iOS 18's generative AI features
iPhone 16 Pro series to offer up to 2TB storage and larger batteries
Next iPhone SE to feature Dynamic Island, rumor claims
Apple is building at least two flip-style foldable iPhone prototypes, report says
iPhone 16 camera bump design changes again says rumor
Deal: refurbished iPhones cost less on Amazon UK than on Apple.com
Apple hints generative AI is coming on iPhone 16
Kuo: iPhone shipments to decline by up to 15% in 2024
2024-03-10 00:41:13 Messager [TestNG-test-Hello World test-1-45] [INFO] TEST [Hello World test - testNewsSearch] PASSED at [00:41:12 2024-03-10]
]]></system-out>
  </testcase>
</testsuite>